<?xml version="1.0" encoding="UTF-8"?>
<!-- Generated by org.testng.reporters.JUnitReportReporter -->
<testsuite hostname="DESKTOP-077G3EM" failures="0" tests="3" name="com.RingPay.TestScripts.RingPayTestScripts" time="941.865" errors="0" timestamp="2022-10-31T17:32:46 IST" skipped="0">
  <testcase classname="com.RingPay.TestScripts.RingPayTestScripts" name="User_Playstore_Flow" time="302.264"/>
  <system-out/>
  <testcase classname="com.RingPay.TestScripts.RingPayTestScripts" name="userRegistrationFlow" time="578.210"/>
  <system-out/>
  <testcase classname="com.RingPay.TestScripts.RingPayTestScripts" name="merchantFlow" time="61.391"/>
  <system-out/>
</testsuite> <!-- com.RingPay.TestScripts.RingPayTestScripts -->
