<?xml version="1.0" encoding="UTF-8"?>
<!-- Generated by org.testng.reporters.JUnitReportReporter -->
<testsuite skipped="0" hostname="DESKTOP-077G3EM" name="com.RingPay.TestScripts.RingPayTestScripts" tests="9" failures="0" timestamp="2022-09-28T15:27:13 IST" time="237.442" errors="0">
  <testcase name="ringPayAppLaunch" time="10.632" classname="com.RingPay.TestScripts.RingPayTestScripts"/>
  <system-out/>
  <testcase name="ringPayLogin" time="51.728" classname="com.RingPay.TestScripts.RingPayTestScripts"/>
  <system-out/>
  <testcase name="ringMerchantPay" time="85.174" classname="com.RingPay.TestScripts.RingPayTestScripts"/>
  <system-out/>
  <testcase name="ringRepayment" time="75.489" classname="com.RingPay.TestScripts.RingPayTestScripts"/>
  <system-out/>
  <testcase name="ringLogout" time="9.568" classname="com.RingPay.TestScripts.RingPayTestScripts"/>
  <system-out/>
  <testcase name="ringOtpApi_Positive" time="2.370" classname="com.RingPay.TestScripts.RingPayTestScripts"/>
  <system-out/>
  <testcase name="ringOtpApi_Negative" time="0.727" classname="com.RingPay.TestScripts.RingPayTestScripts"/>
  <system-out/>
  <testcase name="ringAuthApi_Positive" time="1.078" classname="com.RingPay.TestScripts.RingPayTestScripts"/>
  <system-out/>
  <testcase name="ringAuthApi_Negative" time="0.676" classname="com.RingPay.TestScripts.RingPayTestScripts"/>
  <system-out/>
</testsuite> <!-- com.RingPay.TestScripts.RingPayTestScripts -->
